lab1-2(1).asm:993: Error: <q> missing or improper operators, terminators, or delimiters
lab1-2(1).asm:998: Error: <q> missing or improper operators, terminators, or delimiters
lab1-2(1).asm:1002: Error: <q> missing or improper operators, terminators, or delimiters
lab1-2(1).asm:1005: Error: <q> missing or improper operators, terminators, or delimiters
lab1-2(1).asm:1240: Error: <q> missing or improper operators, terminators, or delimiters
lab1-2(1).asm:1246: Error: <q> missing or improper operators, terminators, or delimiters
lab1-2(1).asm:1249: Error: <q> missing or improper operators, terminators, or delimiters
lab1-2(1).asm:1252: Error: <q> missing or improper operators, terminators, or delimiters
lab1-2(1).asm:1255: Error: <q> missing or improper operators, terminators, or delimiters
lab1-2(1).asm:1258: Error: <q> missing or improper operators, terminators, or delimiters
lab1-2(1).asm:1262: Error: <q> missing or improper operators, terminators, or delimiters
lab1-2(1).asm:1274: Error: <q> missing or improper operators, terminators, or delimiters
lab1-2(1).asm:1277: Error: <q> missing or improper operators, terminators, or delimiters
lab1-2(1).asm:1284: Error: <q> missing or improper operators, terminators, or delimiters
lab1-2(1).asm:1290: Error: <q> missing or improper operators, terminators, or delimiters
lab1-2(1).asm:1293: Error: <q> missing or improper operators, terminators, or delimiters
lab1-2(1).asm:1296: Error: <q> missing or improper operators, terminators, or delimiters
lab1-2(1).asm:1299: Error: <q> missing or improper operators, terminators, or delimiters
lab1-2(1).asm:1306: Error: <q> missing or improper operators, terminators, or delimiters
lab1-2(1).asm:1312: Error: <q> missing or improper operators, terminators, or delimiters
lab1-2(1).asm:1315: Error: <q> missing or improper operators, terminators, or delimiters
lab1-2(1).asm:1318: Error: <q> missing or improper operators, terminators, or delimiters
lab1-2(1).asm:1325: Error: <q> missing or improper operators, terminators, or delimiters
lab1-2(1).asm:1331: Error: <q> missing or improper operators, terminators, or delimiters
lab1-2(1).asm:1334: Error: <q> missing or improper operators, terminators, or delimiters
lab1-2(1).asm:1337: Error: <q> missing or improper operators, terminators, or delimiters
lab1-2(1).asm:1340: Error: <q> missing or improper operators, terminators, or delimiters
lab1-2(1).asm:1343: Error: <q> missing or improper operators, terminators, or delimiters
lab1-2(1).asm:1348: Error: <q> missing or improper operators, terminators, or delimiters
lab1-2(1).asm:1355: Error: <q> missing or improper operators, terminators, or delimiters
lab1-2(1).asm:1363: Error: <q> missing or improper operators, terminators, or delimiters
lab1-2(1).asm:1372: Error: <q> missing or improper operators, terminators, or delimiters
lab1-2(1).asm:1383: Error: <q> missing or improper operators, terminators, or delimiters
lab1-2(1).asm:1389: Error: <q> missing or improper operators, terminators, or delimiters
lab1-2(1).asm:1395: Error: <q> missing or improper operators, terminators, or delimiters
lab1-2(1).asm:1404: Error: <q> missing or improper operators, terminators, or delimiters
lab1-2(1).asm:1410: Error: <q> missing or improper operators, terminators, or delimiters
lab1-2(1).asm:1413: Error: <q> missing or improper operators, terminators, or delimiters
lab1-2(1).asm:1416: Error: <q> missing or improper operators, terminators, or delimiters
lab1-2(1).asm:1419: Error: <q> missing or improper operators, terminators, or delimiters
lab1-2(1).asm:1422: Error: <q> missing or improper operators, terminators, or delimiters
lab1-2(1).asm:1425: Error: <q> missing or improper operators, terminators, or delimiters
lab1-2(1).asm:1428: Error: <q> missing or improper operators, terminators, or delimiters
lab1-2(1).asm:1432: Error: <q> missing or improper operators, terminators, or delimiters
lab1-2(1).asm:1437: Error: <q> missing or improper operators, terminators, or delimiters
lab1-2(1).asm:1440: Error: <q> missing or improper operators, terminators, or delimiters
lab1removing lab1-2(1).rel
-2(1).asm:1446: Error: <q> missing or improper operators, terminators, or delimiters
lab1-2(1).asm:1450: Error: <q> missing or improper operators, terminators, or delimiters
lab1-2(1).asm:1455: Error: <q> missing or improper operators, terminators, or delimiters
lab1-2(1).asm:1461: Error: <q> missing or improper operators, terminators, or delimiters
lab1-2(1).asm:1466: Error: <q> missing or improper operators, terminators, or delimiters
lab1-2(1).asm:1470: Error: <q> missing or improper operators, terminators, or delimiters
lab1-2(1).asm:1474: Error: <q> missing or improper operators, terminators, or delimiters
lab1-2(1).asm:1479: Error: <q> missing or improper operators, terminators, or delimiters
lab1-2(1).asm:1482: Error: <q> missing or improper operators, terminators, or delimiters
lab1-2(1).asm:1487: Error: <q> missing or improper operators, terminators, or delimiters
lab1-2(1).asm:1490: Error: <q> missing or improper operators, terminators, or delimiters
lab1-2(1).asm:1493: Error: <q> missing or improper operators, terminators, or delimiters
lab1-2(1).asm:1496: Error: <q> missing or improper operators, terminators, or delimiters
lab1-2(1).asm:1505: Error: <q> missing or improper operators, terminators, or delimiters
lab1-2(1).asm:1509: Error: <q> missing or improper operators, terminators, or delimiters
lab1-2(1).asm:1514: Error: <q> missing or improper operators, terminators, or delimiters
lab1-2(1).asm:1517: Error: <q> missing or improper operators, terminators, or delimiters
lab1-2(1).asm:1522: Error: <q> missing or improper operators, terminators, or delimiters
lab1-2(1).asm:1525: Error: <q> missing or improper operators, terminators, or delimiters
lab1-2(1).asm:1530: Error: <q> missing or improper operators, terminators, or delimiters
lab1-2(1).asm:1533: Error: <q> missing or improper operators, terminators, or delimiters
lab1-2(1).asm:1536: Error: <q> missing or improper operators, terminators, or delimiters
lab1-2(1).asm:1540: Error: <q> missing or improper operators, terminators, or delimiters
lab1-2(1).asm:1543: Error: <q> missing or improper operators, terminators, or delimiters
lab1-2(1).asm:1546: Error: <q> missing or improper operators, terminators, or delimiters
lab1-2(1).asm:1554: Error: <q> missing or improper operators, terminators, or delimiters
lab1-2(1).asm:1557: Error: <q> missing or improper operators, terminators, or delimiters
lab1-2(1).asm:1560: Error: <q> missing or improper operators, terminators, or delimiters
lab1-2(1).asm:1569: Error: <q> missing or improper operators, terminators, or delimiters
lab1-2(1).asm:1572: Error: <q> missing or improper operators, terminators, or delimiters
lab1-2(1).asm:1575: Error: <q> missing or improper operators, terminators, or delimiters
lab1-2(1).asm:1578: Error: <q> missing or improper operators, terminators, or delimiters
lab1-2(1).asm:1581: Error: <q> missing or improper operators, terminators, or delimiters
lab1-2(1).asm:1584: Error: <q> missing or improper operators, terminators, or delimiters
lab1-2(1).asm:1587: Error: <q> missing or improper operators, terminators, or delimiters
lab1-2(1).asm:1603: Error: <q> missing or improper operators, terminators, or delimiters
lab1-2(1).asm:1617: Error: <q> missing or improper operators, terminators, or delimiters
lab1-2(1).asm:1621: Error: <q> missing or improper operators, terminators, or delimiters
+ C:\PROGRA~1\SDCC\bin\sdcpp.exe -nostdinc -Wall -std=c11 -I"C:\Users\Tim\Documents\LITEC\Lab1-2" -obj-ext=.rel -D__SDCC_CHAR_UNSIGNED -D__SDCC_MODEL_SMALL -D__SDCC_FLOAT_REENT -D__SDCC=3_6_0 -D__SDCC_VERSION_MAJOR=3 -D__SDCC_VERSION_MINOR=6 -D__SDCC_VERSION_PATCH=0 -DSDCC=360 -D__SDCC_REVISION=9615 -D__SDCC_mcs51 -D__STDC_NO_COMPLEX__=1 -D__STDC_NO_THREADS__=1 -D__STDC_NO_ATOMICS__=1 -D__STDC_NO_VLA__=1 -D__STDC_ISO_10646__=201409L -D__STDC_UTF_16__=1 -D__STDC_UTF_32__=1 -isystem "C:\Program Files\SDCC\bin\..\include\mcs51" -isystem "C:\Program Files\SDCC\bin\..\include"  "C:\Users\Tim\Documents\LITEC\Lab1-2\lab1-2(1).c" 
+ C:\PROGRA~1\SDCC\bin\sdas8051.exe -plosgffwy "lab1-2(1).rel" "lab1-2(1)".asm
+ C:\PROGRA~1\SDCC\bin\sdas8051.exe -plosgffwy "lab1-2(1).rel" "lab1-2(1)".asm returned errorcode 2
